<?xml version="1.0" encoding="UTF-8"?>
<testng-results ignored="0" total="5" passed="5" failed="0" skipped="0">
  <reporter-output>
  </reporter-output>
  <suite started-at="2024-02-29T13:11:42 IST" name="Default suite" finished-at="2024-02-29T13:11:44 IST" duration-ms="1822">
    <groups>
      <group name="cucumber">
        <method signature="AbstractTestNGCucumberTests.runScenario(io.cucumber.testng.PickleWrapper,io.cucumber.testng.FeatureWrapper)[pri:0, instance:RunnerClass.AmazonTestRunner@6ed3ccb2]" name="runScenario" class="io.cucumber.testng.AbstractTestNGCucumberTests"/>
      </group> <!-- cucumber -->
    </groups>
    <test started-at="2024-02-29T13:11:42 IST" name="Default test" finished-at="2024-02-29T13:11:44 IST" duration-ms="1822">
      <class name="RunnerClass.AmazonTestRunner">
        <test-method is-config="true" signature="setUpClass(org.testng.ITestContext)[pri:0, instance:RunnerClass.AmazonTestRunner@6ed3ccb2]" started-at="2024-02-29T13:11:42 IST" name="setUpClass" finished-at="2024-02-29T13:11:43 IST" duration-ms="1154" status="PASS">
          <params>
            <param index="0">
              <value>
                <![CDATA[org.testng.TestRunner@5bd73d1a]]>
              </value>
            </param>
          </params>
          <reporter-output>
          </reporter-output>
        </test-method> <!-- setUpClass -->
        <test-method signature="runScenario(io.cucumber.testng.PickleWrapper,io.cucumber.testng.FeatureWrapper)[pri:0, instance:RunnerClass.AmazonTestRunner@6ed3ccb2]" started-at="2024-02-29T13:11:43 IST" name="runScenario" description="Runs Cucumber Scenarios" data-provider="scenarios" finished-at="2024-02-29T13:11:43 IST" duration-ms="178" status="PASS">
          <params>
            <param index="0">
              <value>
                <![CDATA["Amazon login with valid credential"]]>
              </value>
            </param>
            <param index="1">
              <value>
                <![CDATA["Amazon  Feature Test"]]>
              </value>
            </param>
          </params>
          <reporter-output>
          </reporter-output>
        </test-method> <!-- runScenario -->
        <test-method signature="runScenario(io.cucumber.testng.PickleWrapper,io.cucumber.testng.FeatureWrapper)[pri:0, instance:RunnerClass.AmazonTestRunner@6ed3ccb2]" started-at="2024-02-29T13:11:43 IST" name="runScenario" description="Runs Cucumber Scenarios" data-provider="scenarios" finished-at="2024-02-29T13:11:43 IST" duration-ms="42" status="PASS">
          <params>
            <param index="0">
              <value>
                <![CDATA["Amazon login with invalid credential"]]>
              </value>
            </param>
            <param index="1">
              <value>
                <![CDATA["Amazon  Feature Test"]]>
              </value>
            </param>
          </params>
          <reporter-output>
          </reporter-output>
        </test-method> <!-- runScenario -->
        <test-method signature="runScenario(io.cucumber.testng.PickleWrapper,io.cucumber.testng.FeatureWrapper)[pri:0, instance:RunnerClass.AmazonTestRunner@6ed3ccb2]" started-at="2024-02-29T13:11:43 IST" name="runScenario" description="Runs Cucumber Scenarios" data-provider="scenarios" finished-at="2024-02-29T13:11:43 IST" duration-ms="76" status="PASS">
          <params>
            <param index="0">
              <value>
                <![CDATA["user select product and add to cart"]]>
              </value>
            </param>
            <param index="1">
              <value>
                <![CDATA["Amazon  Feature Test"]]>
              </value>
            </param>
          </params>
          <reporter-output>
          </reporter-output>
        </test-method> <!-- runScenario -->
        <test-method signature="runScenario(io.cucumber.testng.PickleWrapper,io.cucumber.testng.FeatureWrapper)[pri:0, instance:RunnerClass.AmazonTestRunner@6ed3ccb2]" started-at="2024-02-29T13:11:43 IST" name="runScenario" description="Runs Cucumber Scenarios" data-provider="scenarios" finished-at="2024-02-29T13:11:44 IST" duration-ms="30" status="PASS">
          <params>
            <param index="0">
              <value>
                <![CDATA["User able to verify the previous order list"]]>
              </value>
            </param>
            <param index="1">
              <value>
                <![CDATA["Amazon  Feature Test"]]>
              </value>
            </param>
          </params>
          <reporter-output>
          </reporter-output>
        </test-method> <!-- runScenario -->
        <test-method signature="runScenario(io.cucumber.testng.PickleWrapper,io.cucumber.testng.FeatureWrapper)[pri:0, instance:RunnerClass.AmazonTestRunner@6ed3ccb2]" started-at="2024-02-29T13:11:44 IST" name="runScenario" description="Runs Cucumber Scenarios" data-provider="scenarios" finished-at="2024-02-29T13:11:44 IST" duration-ms="26" status="PASS">
          <params>
            <param index="0">
              <value>
                <![CDATA["user able to signout successfully"]]>
              </value>
            </param>
            <param index="1">
              <value>
                <![CDATA["Amazon  Feature Test"]]>
              </value>
            </param>
          </params>
          <reporter-output>
          </reporter-output>
        </test-method> <!-- runScenario -->
        <test-method is-config="true" signature="tearDownClass()[pri:0, instance:RunnerClass.AmazonTestRunner@6ed3ccb2]" started-at="2024-02-29T13:11:44 IST" name="tearDownClass" finished-at="2024-02-29T13:11:44 IST" duration-ms="194" status="PASS">
          <reporter-output>
          </reporter-output>
        </test-method> <!-- tearDownClass -->
      </class> <!-- RunnerClass.AmazonTestRunner -->
    </test> <!-- Default test -->
  </suite> <!-- Default suite -->
</testng-results>
